INFO: [VRFC 10-163] Analyzing VHDL file "/home/berthele/Processor/Processor.srcs/sources_1/new/UAL.vhd" into library xil_defaultlib
INFO: [VRFC 10-307] analyzing entity UAL
INFO: [VRFC 10-163] Analyzing VHDL file "/home/berthele/Processor/Processor.srcs/sim_1/new/Test_UAL.vhd" into library xil_defaultlib
INFO: [VRFC 10-307] analyzing entity Test_UAL
INFO: [VRFC 10-163] Analyzing VHDL file "/home/berthele/Processor/Processor.srcs/sim_1/new/Test_UAL.vhd" into library xil_defaultlib
INFO: [VRFC 10-307] analyzing entity Test_UAL
INFO: [VRFC 10-163] Analyzing VHDL file "/home/berthele/Processor/Processor.srcs/sim_1/new/Test_UAL.vhd" into library xil_defaultlib
INFO: [VRFC 10-307] analyzing entity Test_UAL
INFO: [VRFC 10-163] Analyzing VHDL file "/home/berthele/Processor/Processor.srcs/sources_1/new/UAL.vhd" into library xil_defaultlib
INFO: [VRFC 10-307] analyzing entity UAL
INFO: [VRFC 10-163] Analyzing VHDL file "/home/berthele/Processor/Processor.srcs/sim_1/new/Test_UAL.vhd" into library xil_defaultlib
INFO: [VRFC 10-307] analyzing entity Test_UAL
INFO: [VRFC 10-163] Analyzing VHDL file "/home/berthele/Processor/Processor.srcs/sources_1/new/UAL.vhd" into library xil_defaultlib
INFO: [VRFC 10-307] analyzing entity UAL
INFO: [VRFC 10-163] Analyzing VHDL file "/home/berthele/Processor/Processor.srcs/sources_1/new/UAL.vhd" into library xil_defaultlib
INFO: [VRFC 10-307] analyzing entity UAL
INFO: [VRFC 10-163] Analyzing VHDL file "/home/berthele/Processor/Processor.srcs/sources_1/new/UAL.vhd" into library xil_defaultlib
INFO: [VRFC 10-307] analyzing entity UAL
INFO: [VRFC 10-163] Analyzing VHDL file "/home/berthele/Bureau/PSI/Compiler/Processor/Processor.srcs/sources_1/new/UAL.vhd" into library xil_defaultlib
INFO: [VRFC 10-307] analyzing entity UAL
INFO: [VRFC 10-163] Analyzing VHDL file "/home/berthele/Bureau/PSI/Compiler/Processor/Processor.srcs/sim_1/new/Test_UAL.vhd" into library xil_defaultlib
INFO: [VRFC 10-307] analyzing entity Test_UAL
INFO: [VRFC 10-163] Analyzing VHDL file "/home/berthele/Bureau/PSI/Compiler/Processor/Processor.srcs/sources_1/new/UAL.vhd" into library xil_defaultlib
INFO: [VRFC 10-307] analyzing entity UAL
INFO: [VRFC 10-163] Analyzing VHDL file "/home/berthele/Bureau/PSI/Compiler/Processor/Processor.srcs/sources_1/new/UAL.vhd" into library xil_defaultlib
INFO: [VRFC 10-307] analyzing entity UAL
INFO: [VRFC 10-163] Analyzing VHDL file "/home/berthele/Bureau/PSI/Compiler/Processor/Processor.srcs/sim_1/new/Test_UAL.vhd" into library xil_defaultlib
INFO: [VRFC 10-307] analyzing entity Test_UAL
INFO: [VRFC 10-163] Analyzing VHDL file "/home/berthele/Bureau/PSI/Compiler/Processor/Processor.srcs/sim_1/new/Test_UAL.vhd" into library xil_defaultlib
INFO: [VRFC 10-307] analyzing entity Test_UAL
INFO: [VRFC 10-163] Analyzing VHDL file "/home/berthele/Bureau/PSI/Compiler/Processor/Processor.srcs/sources_1/new/UAL.vhd" into library xil_defaultlib
INFO: [VRFC 10-307] analyzing entity UAL
INFO: [VRFC 10-163] Analyzing VHDL file "/home/berthele/Bureau/PSI/Compiler/Processor/Processor.srcs/sources_1/new/UAL.vhd" into library xil_defaultlib
INFO: [VRFC 10-307] analyzing entity UAL
INFO: [VRFC 10-163] Analyzing VHDL file "/home/berthele/Bureau/PSI/Compiler/Processor/Processor.srcs/sources_1/new/UAL.vhd" into library xil_defaultlib
INFO: [VRFC 10-307] analyzing entity UAL
INFO: [VRFC 10-163] Analyzing VHDL file "/home/berthele/Bureau/PSI/Compiler/Processor/Processor.srcs/sources_1/new/UAL.vhd" into library xil_defaultlib
INFO: [VRFC 10-307] analyzing entity UAL
INFO: [VRFC 10-163] Analyzing VHDL file "/home/berthele/Bureau/PSI/Compiler/Processor/Processor.srcs/sources_1/new/UAL.vhd" into library xil_defaultlib
INFO: [VRFC 10-307] analyzing entity UAL
INFO: [VRFC 10-163] Analyzing VHDL file "/home/berthele/Bureau/PSI/Compiler/Processor/Processor.srcs/sim_1/new/Test_UAL.vhd" into library xil_defaultlib
INFO: [VRFC 10-307] analyzing entity Test_UAL
INFO: [VRFC 10-163] Analyzing VHDL file "/home/berthele/Bureau/PSI/Compiler/Processor/Processor.srcs/sources_1/new/UAL.vhd" into library xil_defaultlib
INFO: [VRFC 10-307] analyzing entity UAL
INFO: [VRFC 10-163] Analyzing VHDL file "/home/berthele/Bureau/PSI/Compiler/Processor/Processor.srcs/sources_1/new/UAL.vhd" into library xil_defaultlib
INFO: [VRFC 10-307] analyzing entity UAL
INFO: [VRFC 10-163] Analyzing VHDL file "/home/berthele/Bureau/PSI/Compiler/Processor/Processor.srcs/sources_1/new/UAL.vhd" into library xil_defaultlib
INFO: [VRFC 10-307] analyzing entity UAL
INFO: [VRFC 10-163] Analyzing VHDL file "/home/berthele/Bureau/PSI/Compiler/Processor/Processor.srcs/sim_1/new/Test_UAL.vhd" into library xil_defaultlib
INFO: [VRFC 10-307] analyzing entity Test_UAL
INFO: [VRFC 10-163] Analyzing VHDL file "/home/berthele/Bureau/PSI/Compiler/Processor/Processor.srcs/sim_1/new/Test_UAL.vhd" into library xil_defaultlib
INFO: [VRFC 10-307] analyzing entity Test_UAL
INFO: [VRFC 10-163] Analyzing VHDL file "/home/berthele/Bureau/PSI/Compiler/Processor/Processor.srcs/sources_1/new/UAL.vhd" into library xil_defaultlib
INFO: [VRFC 10-307] analyzing entity UAL
INFO: [VRFC 10-163] Analyzing VHDL file "/home/berthele/Bureau/PSI/Compiler/Processor/Processor.srcs/sources_1/new/UAL.vhd" into library xil_defaultlib
INFO: [VRFC 10-307] analyzing entity UAL
INFO: [VRFC 10-163] Analyzing VHDL file "/home/berthele/Bureau/PSI/Compiler/Processor/Processor.srcs/sources_1/new/UAL.vhd" into library xil_defaultlib
INFO: [VRFC 10-307] analyzing entity UAL
INFO: [VRFC 10-163] Analyzing VHDL file "/home/berthele/Bureau/PSI/Compiler/Processor/Processor.srcs/sim_1/new/Test_UAL.vhd" into library xil_defaultlib
INFO: [VRFC 10-307] analyzing entity Test_UAL
INFO: [VRFC 10-163] Analyzing VHDL file "/home/berthele/Bureau/PSI/Compiler/Processor/Processor.srcs/sources_1/new/UAL.vhd" into library xil_defaultlib
INFO: [VRFC 10-307] analyzing entity UAL
INFO: [VRFC 10-163] Analyzing VHDL file "/home/berthele/Bureau/PSI/Compiler/Processor/Processor.srcs/sources_1/new/UAL.vhd" into library xil_defaultlib
INFO: [VRFC 10-307] analyzing entity UAL
INFO: [VRFC 10-163] Analyzing VHDL file "/home/berthele/Bureau/PSI/Compiler/Processor/Processor.srcs/sources_1/new/UAL.vhd" into library xil_defaultlib
INFO: [VRFC 10-307] analyzing entity UAL
INFO: [VRFC 10-163] Analyzing VHDL file "/home/berthele/Bureau/PSI/Compiler/Processor/Processor.srcs/sources_1/new/UAL.vhd" into library xil_defaultlib
INFO: [VRFC 10-307] analyzing entity UAL
INFO: [VRFC 10-163] Analyzing VHDL file "/home/berthele/Bureau/PSI/Compiler/Processor/Processor.srcs/sim_1/new/Test_UAL.vhd" into library xil_defaultlib
INFO: [VRFC 10-307] analyzing entity Test_UAL
INFO: [VRFC 10-163] Analyzing VHDL file "/home/berthele/Bureau/PSI/Compiler/Processor/Processor.srcs/sources_1/new/UAL.vhd" into library xil_defaultlib
INFO: [VRFC 10-307] analyzing entity UAL
INFO: [VRFC 10-163] Analyzing VHDL file "/home/berthele/Bureau/PSI/Compiler/Processor/Processor.srcs/sim_1/new/Test_UAL.vhd" into library xil_defaultlib
INFO: [VRFC 10-307] analyzing entity Test_UAL
INFO: [VRFC 10-163] Analyzing VHDL file "/home/berthele/Bureau/PSI/Compiler/Processor/Processor.srcs/sim_1/new/Test_UAL.vhd" into library xil_defaultlib
INFO: [VRFC 10-307] analyzing entity Test_UAL
INFO: [VRFC 10-163] Analyzing VHDL file "/home/berthele/Bureau/PSI/Compiler/Processor/Processor.srcs/sources_1/new/UAL.vhd" into library xil_defaultlib
INFO: [VRFC 10-307] analyzing entity UAL
INFO: [VRFC 10-163] Analyzing VHDL file "/home/berthele/Bureau/PSI/Compiler/Processor/Processor.srcs/sim_1/new/Test_UAL.vhd" into library xil_defaultlib
INFO: [VRFC 10-307] analyzing entity Test_UAL
INFO: [VRFC 10-163] Analyzing VHDL file "/home/berthele/Bureau/PSI/Compiler/Processor/Processor.srcs/sources_1/new/UAL.vhd" into library xil_defaultlib
INFO: [VRFC 10-307] analyzing entity UAL
INFO: [VRFC 10-163] Analyzing VHDL file "/home/berthele/Bureau/PSI/Compiler/Processor/Processor.srcs/sim_1/new/Test_UAL.vhd" into library xil_defaultlib
INFO: [VRFC 10-307] analyzing entity Test_UAL
INFO: [VRFC 10-163] Analyzing VHDL file "/home/berthele/Bureau/PSI/Compiler/Processor/Processor.srcs/sources_1/new/UAL.vhd" into library xil_defaultlib
INFO: [VRFC 10-307] analyzing entity UAL
INFO: [VRFC 10-163] Analyzing VHDL file "/home/berthele/Bureau/PSI/Compiler/Processor/Processor.srcs/sim_1/new/Test_UAL.vhd" into library xil_defaultlib
INFO: [VRFC 10-307] analyzing entity Test_UAL
INFO: [VRFC 10-163] Analyzing VHDL file "/home/berthele/Bureau/PSI/Compiler/Processor/Processor.srcs/sources_1/new/UAL.vhd" into library xil_defaultlib
INFO: [VRFC 10-307] analyzing entity UAL
INFO: [VRFC 10-163] Analyzing VHDL file "/home/berthele/Bureau/PSI/Compiler/Processor/Processor.srcs/sources_1/new/UAL.vhd" into library xil_defaultlib
INFO: [VRFC 10-307] analyzing entity UAL
INFO: [VRFC 10-163] Analyzing VHDL file "/home/berthele/Bureau/PSI/Compiler/Processor/Processor.srcs/sources_1/new/UAL.vhd" into library xil_defaultlib
INFO: [VRFC 10-307] analyzing entity UAL
INFO: [VRFC 10-163] Analyzing VHDL file "/home/berthele/Bureau/PSI/Compiler/Processor/Processor.srcs/sources_1/new/UAL.vhd" into library xil_defaultlib
INFO: [VRFC 10-307] analyzing entity UAL
INFO: [VRFC 10-163] Analyzing VHDL file "/home/berthele/Bureau/PSI/Compiler/Processor/Processor.srcs/sim_1/new/Test_UAL.vhd" into library xil_defaultlib
INFO: [VRFC 10-307] analyzing entity Test_UAL
INFO: [VRFC 10-163] Analyzing VHDL file "/home/berthele/Bureau/PSI/Compiler/Processor/Processor.srcs/sources_1/new/UAL.vhd" into library xil_defaultlib
INFO: [VRFC 10-307] analyzing entity UAL
ERROR: [VRFC 10-724] found '0' definitions of operator "+", cannot determine exact overloaded matching definition for "+" [/home/berthele/Bureau/PSI/Compiler/Processor/Processor.srcs/sources_1/new/UAL.vhd:75]
ERROR: [VRFC 10-724] found '0' definitions of operator "*", cannot determine exact overloaded matching definition for "*" [/home/berthele/Bureau/PSI/Compiler/Processor/Processor.srcs/sources_1/new/UAL.vhd:78]
ERROR: [VRFC 10-724] found '0' definitions of operator "-", cannot determine exact overloaded matching definition for "-" [/home/berthele/Bureau/PSI/Compiler/Processor/Processor.srcs/sources_1/new/UAL.vhd:81]
ERROR: [VRFC 10-91] shr is not declared [/home/berthele/Bureau/PSI/Compiler/Processor/Processor.srcs/sources_1/new/UAL.vhd:84]
ERROR: [VRFC 10-1504] unit behavioral ignored due to previous errors [/home/berthele/Bureau/PSI/Compiler/Processor/Processor.srcs/sources_1/new/UAL.vhd:48]
INFO: [VRFC 10-240] VHDL file /home/berthele/Bureau/PSI/Compiler/Processor/Processor.srcs/sources_1/new/UAL.vhd ignored due to errors
INFO: [VRFC 10-163] Analyzing VHDL file "/home/berthele/Bureau/PSI/Compiler/Processor/Processor.srcs/sources_1/new/UAL.vhd" into library xil_defaultlib
INFO: [VRFC 10-307] analyzing entity UAL
INFO: [VRFC 10-163] Analyzing VHDL file "/home/berthele/Bureau/PSI/Compiler/Processor/Processor.srcs/sources_1/new/BR.vhd" into library xil_defaultlib
INFO: [VRFC 10-307] analyzing entity BR
INFO: [VRFC 10-163] Analyzing VHDL file "/home/berthele/Bureau/PSI/Compiler/Processor/Processor.srcs/sim_1/new/Test_BR.vhd" into library xil_defaultlib
INFO: [VRFC 10-307] analyzing entity Test_BR
INFO: [VRFC 10-163] Analyzing VHDL file "/home/berthele/Bureau/PSI/Compiler/Processor/Processor.srcs/sim_1/new/Test_BR.vhd" into library xil_defaultlib
INFO: [VRFC 10-307] analyzing entity Test_BR
INFO: [VRFC 10-163] Analyzing VHDL file "/home/berthele/Bureau/PSI/Compiler/Processor/Processor.srcs/sim_1/new/Test_BR.vhd" into library xil_defaultlib
INFO: [VRFC 10-307] analyzing entity Test_BR
INFO: [VRFC 10-163] Analyzing VHDL file "/home/berthele/Bureau/PSI/Compiler/Processor/Processor.srcs/sim_1/new/Test_BR.vhd" into library xil_defaultlib
INFO: [VRFC 10-307] analyzing entity Test_BR
INFO: [VRFC 10-163] Analyzing VHDL file "/home/berthele/Bureau/PSI/Compiler/Processor/Processor.srcs/sim_1/new/Test_BR.vhd" into library xil_defaultlib
INFO: [VRFC 10-307] analyzing entity Test_BR
INFO: [VRFC 10-163] Analyzing VHDL file "/home/berthele/Bureau/PSI/Compiler/Processor/Processor.srcs/sim_1/new/Test_BR.vhd" into library xil_defaultlib
INFO: [VRFC 10-307] analyzing entity Test_BR
INFO: [VRFC 10-163] Analyzing VHDL file "/home/berthele/Bureau/PSI/Compiler/Processor/Processor.srcs/sources_1/new/BM_data.vhd" into library xil_defaultlib
INFO: [VRFC 10-307] analyzing entity BM_data
INFO: [VRFC 10-163] Analyzing VHDL file "/home/berthele/Bureau/PSI/Compiler/Processor/Processor.srcs/sim_1/new/Test_BM_data.vhd" into library xil_defaultlib
INFO: [VRFC 10-307] analyzing entity Test_BM_data
INFO: [VRFC 10-163] Analyzing VHDL file "/home/berthele/Bureau/PSI/Compiler/Processor/Processor.srcs/sim_1/new/Test_BM_data.vhd" into library xil_defaultlib
INFO: [VRFC 10-307] analyzing entity Test_BM_data
INFO: [VRFC 10-163] Analyzing VHDL file "/home/berthele/Bureau/PSI/Compiler/Processor/Processor.srcs/sim_1/new/Test_BM_data.vhd" into library xil_defaultlib
INFO: [VRFC 10-307] analyzing entity Test_BM_data
INFO: [VRFC 10-163] Analyzing VHDL file "/home/berthele/Bureau/PSI/Compiler/Processor/Processor.srcs/sim_1/new/Test_BM_data.vhd" into library xil_defaultlib
INFO: [VRFC 10-307] analyzing entity Test_BM_data
INFO: [VRFC 10-163] Analyzing VHDL file "/home/berthele/Bureau/PSI/Compiler/Processor/Processor.srcs/sim_1/new/Test_BM_data.vhd" into library xil_defaultlib
INFO: [VRFC 10-307] analyzing entity Test_BM_data
INFO: [VRFC 10-163] Analyzing VHDL file "/home/berthele/Bureau/PSI/Compiler/Processor/Processor.srcs/sim_1/new/Test_BM_data.vhd" into library xil_defaultlib
INFO: [VRFC 10-307] analyzing entity Test_BM_data
INFO: [VRFC 10-163] Analyzing VHDL file "/home/berthele/Bureau/PSI/Compiler/Processor/Processor.srcs/sim_1/new/Test_BM_data.vhd" into library xil_defaultlib
INFO: [VRFC 10-307] analyzing entity Test_BM_data
INFO: [VRFC 10-163] Analyzing VHDL file "/home/berthele/Bureau/PSI/Compiler/Processor/Processor.srcs/sources_1/new/UAL.vhd" into library xil_defaultlib
INFO: [VRFC 10-307] analyzing entity UAL
INFO: [VRFC 10-163] Analyzing VHDL file "/home/berthele/Bureau/PSI/Compiler/Processor/Processor.srcs/sim_1/new/Test_UAL.vhd" into library xil_defaultlib
INFO: [VRFC 10-307] analyzing entity Test_UAL
